<?xml version="1.0" encoding="UTF-8"?>
<testng-results ignored="0" total="1" passed="1" failed="0" skipped="0">
  <reporter-output>
  </reporter-output>
  <suite started-at="2025-03-17T13:56:47 IST" name="Default suite" finished-at="2025-03-17T13:57:14 IST" duration-ms="26870">
    <groups>
    </groups>
    <test started-at="2025-03-17T13:56:47 IST" name="Default test" finished-at="2025-03-17T13:57:14 IST" duration-ms="26870">
      <class name="tests.Ecommerce">
        <test-method is-config="true" signature="setup()[pri:0, instance:tests.Ecommerce@247bddad]" started-at="2025-03-17T13:56:47 IST" name="setup" finished-at="2025-03-17T13:56:55 IST" duration-ms="8014" status="PASS">
          <reporter-output>
          </reporter-output>
        </test-method> <!-- setup -->
        <test-method signature="addItemToCart()[pri:0, instance:tests.Ecommerce@247bddad]" started-at="2025-03-17T13:56:55 IST" name="addItemToCart" finished-at="2025-03-17T13:57:14 IST" duration-ms="18721" status="PASS">
          <reporter-output>
          </reporter-output>
        </test-method> <!-- addItemToCart -->
      </class> <!-- tests.Ecommerce -->
    </test> <!-- Default test -->
  </suite> <!-- Default suite -->
</testng-results>
